0 info it worked if it ends with ok
1 verbose cli [ '/private/var/root/.nvm/versions/node/v4.2.6/bin/node',
1 verbose cli   '/var/root/.nvm/versions/node/v4.2.6/bin/npm',
1 verbose cli   'run',
1 verbose cli   'dev:h5' ]
2 info using npm@3.5.2
3 info using node@v4.2.6
4 verbose run-script [ 'predev:h5', 'dev:h5', 'postdev:h5' ]
5 info lifecycle actionview-taro@1.0.0~predev:h5: actionview-taro@1.0.0
6 silly lifecycle actionview-taro@1.0.0~predev:h5: no script for predev:h5, continuing
7 info lifecycle actionview-taro@1.0.0~dev:h5: actionview-taro@1.0.0
8 verbose lifecycle actionview-taro@1.0.0~dev:h5: unsafe-perm in lifecycle true
9 verbose lifecycle actionview-taro@1.0.0~dev:h5: PATH: /private/var/root/.nvm/versions/node/v4.2.6/lib/node_modules/npm/bin/node-gyp-bin:/private/var/src/actionview-taro/node_modules/.bin:/var/root/.nvm/versions/node/v4.2.6/bin:/usr/local/bin:/usr/bin:/bin:/usr/sbin:/sbin:/Applications/VMware Fusion.app/Contents/Public:/Applications/Wireshark.app/Contents/MacOS:/usr/local/rvm/bin
10 verbose lifecycle actionview-taro@1.0.0~dev:h5: CWD: /private/var/src/actionview-taro
11 silly lifecycle actionview-taro@1.0.0~dev:h5: Args: [ '-c', 'npm run build:h5 -- --watch' ]
12 silly lifecycle actionview-taro@1.0.0~dev:h5: Returned: code: 1  signal: null
13 info lifecycle actionview-taro@1.0.0~dev:h5: Failed to exec dev:h5 script
14 verbose stack Error: actionview-taro@1.0.0 dev:h5: `npm run build:h5 -- --watch`
14 verbose stack Exit status 1
14 verbose stack     at EventEmitter.<anonymous> (/private/var/root/.nvm/versions/node/v4.2.6/lib/node_modules/npm/lib/utils/lifecycle.js:232:16)
14 verbose stack     at emitTwo (events.js:87:13)
14 verbose stack     at EventEmitter.emit (events.js:172:7)
14 verbose stack     at ChildProcess.<anonymous> (/private/var/root/.nvm/versions/node/v4.2.6/lib/node_modules/npm/lib/utils/spawn.js:24:14)
14 verbose stack     at emitTwo (events.js:87:13)
14 verbose stack     at ChildProcess.emit (events.js:172:7)
14 verbose stack     at maybeClose (internal/child_process.js:821:16)
14 verbose stack     at Process.ChildProcess._handle.onexit (internal/child_process.js:211:5)
15 verbose pkgid actionview-taro@1.0.0
16 verbose cwd /private/var/src/actionview-taro
17 error Darwin 17.5.0
18 error argv "/private/var/root/.nvm/versions/node/v4.2.6/bin/node" "/var/root/.nvm/versions/node/v4.2.6/bin/npm" "run" "dev:h5"
19 error node v4.2.6
20 error npm  v3.5.2
21 error code ELIFECYCLE
22 error actionview-taro@1.0.0 dev:h5: `npm run build:h5 -- --watch`
22 error Exit status 1
23 error Failed at the actionview-taro@1.0.0 dev:h5 script 'npm run build:h5 -- --watch'.
23 error Make sure you have the latest version of node.js and npm installed.
23 error If you do, this is most likely a problem with the actionview-taro package,
23 error not with npm itself.
23 error Tell the author that this fails on your system:
23 error     npm run build:h5 -- --watch
23 error You can get information on how to open an issue for this project with:
23 error     npm bugs actionview-taro
23 error Or if that isn't available, you can get their info via:
23 error     npm owner ls actionview-taro
23 error There is likely additional logging output above.
24 verbose exit [ 1, true ]
